\BOOKMARK [1][-]{section.1}{\376\377\000I\000n\000t\000r\000o\000d\000u\000c\000t\000i\000o\000n}{}% 1
\BOOKMARK [1][-]{section.2}{\376\377\000M\000a\000t\000h\000e\000m\000a\000t\000i\000c\000a\000l\000\040\000R\000e\000p\000r\000e\000s\000e\000n\000t\000a\000t\000i\000o\000n\000\040\000o\000f\000\040\000I\000m\000a\000g\000e\000s}{}% 2
\BOOKMARK [1][-]{section.3}{\376\377\000I\000m\000a\000g\000e\000\040\000P\000r\000e\000p\000r\000o\000c\000e\000s\000s\000i\000n\000g}{}% 3
\BOOKMARK [1][-]{section.4}{\376\377\000D\000i\000s\000c\000r\000e\000t\000e\000\040\000C\000o\000n\000v\000o\000l\000u\000t\000i\000o\000n}{}% 4
\BOOKMARK [2][-]{subsection.4.1}{\376\377\000I\000n\000t\000e\000r\000p\000r\000e\000t\000a\000t\000i\000o\000n}{section.4}% 5
\BOOKMARK [1][-]{section.5}{\376\377\000C\000o\000n\000v\000o\000l\000u\000t\000i\000o\000n\000a\000l\000\040\000N\000e\000u\000r\000a\000l\000\040\000N\000e\000t\000w\000o\000r\000k\000s}{}% 6
\BOOKMARK [1][-]{section.6}{\376\377\000A\000c\000t\000i\000v\000a\000t\000i\000o\000n\000\040\000F\000u\000n\000c\000t\000i\000o\000n\000s}{}% 7
\BOOKMARK [1][-]{section.7}{\376\377\000P\000o\000o\000l\000i\000n\000g}{}% 8
\BOOKMARK [1][-]{section.8}{\376\377\000C\000l\000a\000s\000s\000i\000f\000i\000c\000a\000t\000i\000o\000n\000\040\000L\000a\000y\000e\000r}{}% 9
\BOOKMARK [1][-]{section.9}{\376\377\000L\000o\000s\000s\000\040\000F\000u\000n\000c\000t\000i\000o\000n}{}% 10
\BOOKMARK [1][-]{section.10}{\376\377\000O\000p\000t\000i\000m\000i\000z\000a\000t\000i\000o\000n}{}% 11
\BOOKMARK [1][-]{section.11}{\376\377\000B\000a\000c\000k\000p\000r\000o\000p\000a\000g\000a\000t\000i\000o\000n}{}% 12
\BOOKMARK [1][-]{section.12}{\376\377\000T\000r\000a\000n\000s\000f\000e\000r\000\040\000L\000e\000a\000r\000n\000i\000n\000g}{}% 13
\BOOKMARK [1][-]{section.13}{\376\377\000D\000a\000t\000a\000\040\000A\000u\000g\000m\000e\000n\000t\000a\000t\000i\000o\000n}{}% 14
\BOOKMARK [1][-]{section.14}{\376\377\000E\000v\000a\000l\000u\000a\000t\000i\000o\000n\000\040\000M\000e\000t\000r\000i\000c\000s}{}% 15
\BOOKMARK [2][-]{subsection.14.1}{\376\377\000A\000c\000c\000u\000r\000a\000c\000y}{section.14}% 16
\BOOKMARK [2][-]{subsection.14.2}{\376\377\000P\000r\000e\000c\000i\000s\000i\000o\000n}{section.14}% 17
\BOOKMARK [2][-]{subsection.14.3}{\376\377\000R\000e\000c\000a\000l\000l}{section.14}% 18
\BOOKMARK [2][-]{subsection.14.4}{\376\377\000F\0001\000\040\000S\000c\000o\000r\000e}{section.14}% 19
\BOOKMARK [1][-]{section.15}{\376\377\000E\000x\000p\000l\000a\000i\000n\000a\000b\000l\000e\000\040\000A\000I}{}% 20
\BOOKMARK [1][-]{section.16}{\376\377\000C\000o\000n\000c\000l\000u\000s\000i\000o\000n}{}% 21
