\BOOKMARK [1][-]{section.1}{\376\377\000I\000n\000t\000r\000o\000d\000u\000c\000t\000i\000o\000n\000\040\000e\000t\000\040\000p\000r\000\351\000r\000e\000q\000u\000i\000s}{}% 1
\BOOKMARK [1][-]{section.2}{\376\377\000R\000e\000p\000r\000\351\000s\000e\000n\000t\000a\000t\000i\000o\000n\000\040\000m\000a\000t\000h\000\351\000m\000a\000t\000i\000q\000u\000e\000\040\000d\000'\000u\000n\000e\000\040\000i\000m\000a\000g\000e}{}% 2
\BOOKMARK [2][-]{subsection.2.1}{\376\377\000U\000n\000e\000\040\000i\000m\000a\000g\000e\000\040\000c\000o\000m\000m\000e\000\040\000f\000o\000n\000c\000t\000i\000o\000n\000\040\000d\000i\000s\000c\000r\000\350\000t\000e}{section.2}% 3
\BOOKMARK [2][-]{subsection.2.2}{\376\377\000I\000m\000a\000g\000e\000\040\000c\000o\000m\000m\000e\000\040\000v\000e\000c\000t\000e\000u\000r\000\040\000d\000e\000\040\000g\000r\000a\000n\000d\000e\000\040\000d\000i\000m\000e\000n\000s\000i\000o\000n}{section.2}% 4
\BOOKMARK [1][-]{section.3}{\376\377\000P\000r\000\351\000t\000r\000a\000i\000t\000e\000m\000e\000n\000t\000\040\000d\000e\000s\000\040\000i\000m\000a\000g\000e\000s}{}% 5
\BOOKMARK [2][-]{subsection.3.1}{\376\377\000N\000o\000r\000m\000a\000l\000i\000s\000a\000t\000i\000o\000n}{section.3}% 6
\BOOKMARK [2][-]{subsection.3.2}{\376\377\000R\000e\000d\000i\000m\000e\000n\000s\000i\000o\000n\000n\000e\000m\000e\000n\000t}{section.3}% 7
\BOOKMARK [2][-]{subsection.3.3}{\376\377\000A\000u\000g\000m\000e\000n\000t\000a\000t\000i\000o\000n\000\040\000d\000e\000s\000\040\000d\000o\000n\000n\000\351\000e\000s}{section.3}% 8
\BOOKMARK [1][-]{section.4}{\376\377\000C\000o\000n\000v\000o\000l\000u\000t\000i\000o\000n}{}% 9
\BOOKMARK [2][-]{subsection.4.1}{\376\377\000D\000\351\000f\000i\000n\000i\000t\000i\000o\000n\000\040\000d\000i\000s\000c\000r\000\350\000t\000e}{section.4}% 10
\BOOKMARK [2][-]{subsection.4.2}{\376\377\000I\000n\000t\000e\000r\000p\000r\000\351\000t\000a\000t\000i\000o\000n\000\040\000i\000n\000t\000u\000i\000t\000i\000v\000e}{section.4}% 11
\BOOKMARK [2][-]{subsection.4.3}{\376\377\000L\000i\000e\000n\000\040\000a\000v\000e\000c\000\040\000l\040\031\000a\000n\000a\000l\000y\000s\000e}{section.4}% 12
\BOOKMARK [1][-]{section.5}{\376\377\000L\000e\000\040\000n\000e\000u\000r\000o\000n\000e\000\040\000a\000r\000t\000i\000f\000i\000c\000i\000e\000l}{}% 13
\BOOKMARK [2][-]{subsection.5.1}{\376\377\000I\000n\000t\000e\000r\000p\000r\000\351\000t\000a\000t\000i\000o\000n\000\040\000g\000\351\000o\000m\000\351\000t\000r\000i\000q\000u\000e}{section.5}% 14
\BOOKMARK [1][-]{section.6}{\376\377\000R\000\351\000s\000e\000a\000u\000x\000\040\000d\000e\000\040\000n\000e\000u\000r\000o\000n\000e\000s\000\040\000c\000o\000n\000v\000o\000l\000u\000t\000i\000f\000s}{}% 15
\BOOKMARK [2][-]{subsection.6.1}{\376\377\000P\000r\000i\000n\000c\000i\000p\000e}{section.6}% 16
\BOOKMARK [2][-]{subsection.6.2}{\376\377\000P\000o\000u\000r\000q\000u\000o\000i\000\040\000c\040\031\000e\000s\000t\000\040\000p\000l\000u\000s\000\040\000e\000f\000f\000i\000c\000a\000c\000e\000\040\000q\000u\040\031\000u\000n\000e\000\040\000c\000o\000u\000c\000h\000e\000\040\000d\000e\000n\000s\000e\000\040\000?}{section.6}% 17
\BOOKMARK [1][-]{section.7}{\376\377\000F\000o\000n\000c\000t\000i\000o\000n\000s\000\040\000d\040\031\000a\000c\000t\000i\000v\000a\000t\000i\000o\000n}{}% 18
\BOOKMARK [2][-]{subsection.7.1}{\376\377\000R\000e\000L\000U}{section.7}% 19
\BOOKMARK [2][-]{subsection.7.2}{\376\377\000S\000i\000g\000m\000o\000\357\000d\000e}{section.7}% 20
\BOOKMARK [1][-]{section.8}{\376\377\000P\000o\000o\000l\000i\000n\000g}{}% 21
\BOOKMARK [1][-]{section.9}{\376\377\000D\000e\000s\000c\000e\000n\000t\000e\000\040\000d\000e\000\040\000g\000r\000a\000d\000i\000e\000n\000t}{}% 22
\BOOKMARK [2][-]{subsection.9.1}{\376\377\000P\000r\000i\000n\000c\000i\000p\000e\000\040\000g\000\351\000n\000\351\000r\000a\000l}{section.9}% 23
\BOOKMARK [2][-]{subsection.9.2}{\376\377\000I\000n\000t\000e\000r\000p\000r\000\351\000t\000a\000t\000i\000o\000n}{section.9}% 24
\BOOKMARK [1][-]{section.10}{\376\377\000R\000\351\000t\000r\000o\000p\000r\000o\000p\000a\000g\000a\000t\000i\000o\000n}{}% 25
\BOOKMARK [1][-]{section.11}{\376\377\000F\000o\000n\000c\000t\000i\000o\000n\000\040\000d\000e\000\040\000p\000e\000r\000t\000e}{}% 26
\BOOKMARK [2][-]{subsection.11.1}{\376\377\000C\000l\000a\000s\000s\000i\000f\000i\000c\000a\000t\000i\000o\000n\000\040\000b\000i\000n\000a\000i\000r\000e\000\040\000:\000\040\000e\000n\000t\000r\000o\000p\000i\000e\000\040\000c\000r\000o\000i\000s\000\351\000e}{section.11}% 27
\BOOKMARK [2][-]{subsection.11.2}{\376\377\000P\000o\000u\000r\000q\000u\000o\000i\000\040\000c\000e\000t\000t\000e\000\040\000l\000o\000s\000s\000\040\000?}{section.11}% 28
\BOOKMARK [1][-]{section.12}{\376\377\000T\000r\000a\000n\000s\000f\000e\000r\000\040\000l\000e\000a\000r\000n\000i\000n\000g}{}% 29
\BOOKMARK [2][-]{subsection.12.1}{\376\377\000I\000d\000\351\000e\000\040\000g\000\351\000n\000\351\000r\000a\000l\000e}{section.12}% 30
\BOOKMARK [2][-]{subsection.12.2}{\376\377\000P\000o\000u\000r\000q\000u\000o\000i\000\040\000c\000e\000l\000a\000\040\000m\000a\000r\000c\000h\000e\000\040\000?}{section.12}% 31
\BOOKMARK [1][-]{section.13}{\376\377\000\311\000v\000a\000l\000u\000a\000t\000i\000o\000n\000\040\000d\000u\000\040\000m\000o\000d\000\350\000l\000e}{}% 32
\BOOKMARK [2][-]{subsection.13.1}{\376\377\000M\000a\000t\000r\000i\000c\000e\000\040\000d\000e\000\040\000c\000o\000n\000f\000u\000s\000i\000o\000n}{section.13}% 33
\BOOKMARK [2][-]{subsection.13.2}{\376\377\000A\000c\000c\000u\000r\000a\000c\000y}{section.13}% 34
\BOOKMARK [2][-]{subsection.13.3}{\376\377\000P\000r\000\351\000c\000i\000s\000i\000o\000n}{section.13}% 35
\BOOKMARK [2][-]{subsection.13.4}{\376\377\000R\000a\000p\000p\000e\000l}{section.13}% 36
\BOOKMARK [2][-]{subsection.13.5}{\376\377\000S\000c\000o\000r\000e\000\040\000F\0001}{section.13}% 37
\BOOKMARK [1][-]{section.14}{\376\377\000C\000o\000u\000r\000b\000e\000\040\000R\000O\000C\000\040\000e\000t\000\040\000A\000U\000C}{}% 38
\BOOKMARK [1][-]{section.15}{\376\377\000E\000x\000p\000l\000i\000c\000a\000b\000i\000l\000i\000t\000\351\000\040\000:\000\040\000G\000r\000a\000d\000-\000C\000A\000M}{}% 39
\BOOKMARK [1][-]{section.16}{\376\377\000L\000i\000e\000n\000\040\000d\000i\000r\000e\000c\000t\000\040\000a\000v\000e\000c\000\040\000l\000e\000\040\000p\000r\000o\000j\000e\000t\000\040\000M\000e\000d\000V\000i\000s\000i\000o\000n}{}% 40
\BOOKMARK [1][-]{section.17}{\376\377\000C\000o\000n\000c\000l\000u\000s\000i\000o\000n}{}% 41
